<?xml version="1.0" encoding="UTF-8"?>
<!-- Generated by org.testng.reporters.JUnitReportReporter -->
<testsuite hostname="MaRKUS" failures="0" tests="1" name="at.jku.se.prse.team3.AppTest" time="0.015" errors="0" timestamp="2023-12-10T22:19:47 MEZ" skipped="0">
  <testcase classname="at.jku.se.prse.team3.AppTest" name="testApp" time="0.015"/>
</testsuite> <!-- at.jku.se.prse.team3.AppTest -->
