<?xml version="1.0" encoding="UTF-8"?>
<!-- Generated by org.testng.reporters.JUnitReportReporter -->
<testsuite hostname="MaRKUS" failures="0" tests="4" name="at.jku.se.prse.team3.FahrtenbuchTest" time="0.573" errors="0" timestamp="2023-12-10T22:19:47 MEZ" skipped="0">
  <testcase classname="at.jku.se.prse.team3.FahrtenbuchTest" name="testLoescheFahrten" time="0.146"/>
  <testcase classname="at.jku.se.prse.team3.FahrtenbuchTest" name="testBearbeiteFahrt" time="0.144"/>
  <testcase classname="at.jku.se.prse.team3.FahrtenbuchTest" name="testExportImportFahrt" time="0.141"/>
  <testcase classname="at.jku.se.prse.team3.FahrtenbuchTest" name="testNeueFahrt" time="0.142"/>
</testsuite> <!-- at.jku.se.prse.team3.FahrtenbuchTest -->
