<?xml version="1.0" encoding="UTF-8"?>
<!-- Generated by org.testng.reporters.JUnitReportReporter -->
<testsuite hostname="MaRKUS" failures="0" tests="2" name="at.jku.se.prse.team3.FahrtStatusTest" time="0.001" errors="0" timestamp="2023-12-10T22:19:47 MEZ" skipped="0">
  <testcase classname="at.jku.se.prse.team3.FahrtStatusTest" name="testFahrtStatusWerte" time="0.000"/>
  <testcase classname="at.jku.se.prse.team3.FahrtStatusTest" name="testFahrtStatusWertOf" time="0.001"/>
</testsuite> <!-- at.jku.se.prse.team3.FahrtStatusTest -->
