<?xml version="1.0" encoding="UTF-8"?>
<!-- Generated by org.testng.reporters.JUnitReportReporter -->
<testsuite hostname="MaRKUS" failures="0" tests="9" name="at.jku.se.prse.team3.FahrtTest" time="0.051" errors="0" timestamp="2023-12-10T22:19:47 MEZ" skipped="0">
  <testcase classname="at.jku.se.prse.team3.FahrtTest" name="testAktiveFahrzeit" time="0.005"/>
  <testcase classname="at.jku.se.prse.team3.FahrtTest" name="testFahrtstatus" time="0.004"/>
  <testcase classname="at.jku.se.prse.team3.FahrtTest" name="testAddKategorie" time="0.010"/>
  <testcase classname="at.jku.se.prse.team3.FahrtTest" name="testAnkunftszeit" time="0.006"/>
  <testcase classname="at.jku.se.prse.team3.FahrtTest" name="testKategorien" time="0.004"/>
  <testcase classname="at.jku.se.prse.team3.FahrtTest" name="testDatum" time="0.005"/>
  <testcase classname="at.jku.se.prse.team3.FahrtTest" name="testKfzKennzeichen" time="0.003"/>
  <testcase classname="at.jku.se.prse.team3.FahrtTest" name="testAbfahrtszeit" time="0.010"/>
  <testcase classname="at.jku.se.prse.team3.FahrtTest" name="testGefahreneKilometer" time="0.004"/>
</testsuite> <!-- at.jku.se.prse.team3.FahrtTest -->
