<?xml version="1.0" encoding="UTF-8"?>
<!-- Generated by org.testng.reporters.JUnitReportReporter -->
<testsuite hostname="MaRKUS" failures="0" tests="8" name="at.jku.se.prse.team3.FahrtenbuchUITest" time="54.833" errors="0" timestamp="2023-12-10T22:19:47 MEZ" skipped="0">
  <testcase classname="at.jku.se.prse.team3.FahrtenbuchUITest" name="testSettingsButton" time="6.791"/>
  <testcase classname="at.jku.se.prse.team3.FahrtenbuchUITest" name="testDeleteButton" time="4.661"/>
  <testcase classname="at.jku.se.prse.team3.FahrtenbuchUITest" name="testZeigeKilometerDiagramm" time="3.452"/>
  <testcase classname="at.jku.se.prse.team3.FahrtenbuchUITest" name="testBerechneKilometerProMonatUndKategorie" time="8.896"/>
  <testcase classname="at.jku.se.prse.team3.FahrtenbuchUITest" name="testEditButton" time="8.464"/>
  <testcase classname="at.jku.se.prse.team3.FahrtenbuchUITest" name="testZeigeJahresKilometerDiagramm" time="7.434"/>
  <testcase classname="at.jku.se.prse.team3.FahrtenbuchUITest" name="testZeigeErweiterteKilometerStatistik" time="5.545"/>
  <testcase classname="at.jku.se.prse.team3.FahrtenbuchUITest" name="testZeigeJahresKilometerStatistik" time="9.590"/>
</testsuite> <!-- at.jku.se.prse.team3.FahrtenbuchUITest -->
