<?xml version="1.0" encoding="UTF-8"?>
<testsuite xmlns:xsi="http://www.w3.org/2001/XMLSchema-instance" xsi:noNamespaceSchemaLocation="https://maven.apache.org/surefire/maven-surefire-plugin/xsd/surefire-test-report-3.0.xsd" version="3.0" name="at.jku.se.prse.team3.AppTest" time="0.016" tests="1" errors="0" skipped="0" failures="0">
  <properties>
    <property name="java.specification.version" value="21"/>
    <property name="sun.cpu.isalist" value="amd64"/>
    <property name="sun.jnu.encoding" value="Cp1252"/>
    <property name="java.class.path" value="C:\Users\SaraKheribi\IdeaProjects\teaching-2023.ws.prse.braeuer.team3\Fahrtenbuch\target\test-classes;C:\Users\SaraKheribi\IdeaProjects\teaching-2023.ws.prse.braeuer.team3\Fahrtenbuch\target\classes;C:\Users\SaraKheribi\.m2\repository\junit\junit\3.8.1\junit-3.8.1.jar;C:\Users\SaraKheribi\.m2\repository\org\jfree\jfreechart\1.5.3\jfreechart-1.5.3.jar;C:\Users\SaraKheribi\.m2\repository\com\opencsv\opencsv\5.6\opencsv-5.6.jar;C:\Users\SaraKheribi\.m2\repository\org\apache\commons\commons-lang3\3.12.0\commons-lang3-3.12.0.jar;C:\Users\SaraKheribi\.m2\repository\org\apache\commons\commons-text\1.9\commons-text-1.9.jar;C:\Users\SaraKheribi\.m2\repository\commons-beanutils\commons-beanutils\1.9.4\commons-beanutils-1.9.4.jar;C:\Users\SaraKheribi\.m2\repository\commons-logging\commons-logging\1.2\commons-logging-1.2.jar;C:\Users\SaraKheribi\.m2\repository\commons-collections\commons-collections\3.2.2\commons-collections-3.2.2.jar;C:\Users\SaraKheribi\.m2\repository\org\apache\commons\commons-collections4\4.4\commons-collections4-4.4.jar;C:\Users\SaraKheribi\.m2\repository\org\controlsfx\controlsfx\11.1.2\controlsfx-11.1.2.jar;C:\Users\SaraKheribi\.m2\repository\org\openjfx\javafx-controls\19\javafx-controls-19.jar;C:\Users\SaraKheribi\.m2\repository\org\openjfx\javafx-controls\19\javafx-controls-19-win.jar;C:\Users\SaraKheribi\.m2\repository\org\openjfx\javafx-graphics\19\javafx-graphics-19.jar;C:\Users\SaraKheribi\.m2\repository\org\openjfx\javafx-graphics\19\javafx-graphics-19-win.jar;C:\Users\SaraKheribi\.m2\repository\org\openjfx\javafx-base\19\javafx-base-19.jar;C:\Users\SaraKheribi\.m2\repository\org\openjfx\javafx-base\19\javafx-base-19-win.jar;C:\Users\SaraKheribi\.m2\repository\org\openjfx\javafx-fxml\19\javafx-fxml-19.jar;C:\Users\SaraKheribi\.m2\repository\org\openjfx\javafx-fxml\19\javafx-fxml-19-win.jar;"/>
    <property name="java.vm.vendor" value="Oracle Corporation"/>
    <property name="sun.arch.data.model" value="64"/>
    <property name="user.variant" value=""/>
    <property name="java.vendor.url" value="https://java.oracle.com/"/>
    <property name="user.timezone" value="Europe/Berlin"/>
    <property name="os.name" value="Windows 10"/>
    <property name="java.vm.specification.version" value="21"/>
    <property name="sun.java.launcher" value="SUN_STANDARD"/>
    <property name="user.country" value="DE"/>
    <property name="sun.boot.library.path" value="C:\Users\SaraKheribi\.jdks\openjdk-21.0.1\bin"/>
    <property name="sun.java.command" value="C:\Users\SaraKheribi\AppData\Local\Temp\surefire8598111352474261538\surefirebooter6623098345502918592.jar C:\Users\SaraKheribi\AppData\Local\Temp\surefire8598111352474261538 2023-11-11T19-07-01_394-jvmRun1 surefire11649627021227376830tmp surefire_05479089837994496809tmp"/>
    <property name="jdk.debug" value="release"/>
    <property name="surefire.test.class.path" value="C:\Users\SaraKheribi\IdeaProjects\teaching-2023.ws.prse.braeuer.team3\Fahrtenbuch\target\test-classes;C:\Users\SaraKheribi\IdeaProjects\teaching-2023.ws.prse.braeuer.team3\Fahrtenbuch\target\classes;C:\Users\SaraKheribi\.m2\repository\junit\junit\3.8.1\junit-3.8.1.jar;C:\Users\SaraKheribi\.m2\repository\org\jfree\jfreechart\1.5.3\jfreechart-1.5.3.jar;C:\Users\SaraKheribi\.m2\repository\com\opencsv\opencsv\5.6\opencsv-5.6.jar;C:\Users\SaraKheribi\.m2\repository\org\apache\commons\commons-lang3\3.12.0\commons-lang3-3.12.0.jar;C:\Users\SaraKheribi\.m2\repository\org\apache\commons\commons-text\1.9\commons-text-1.9.jar;C:\Users\SaraKheribi\.m2\repository\commons-beanutils\commons-beanutils\1.9.4\commons-beanutils-1.9.4.jar;C:\Users\SaraKheribi\.m2\repository\commons-logging\commons-logging\1.2\commons-logging-1.2.jar;C:\Users\SaraKheribi\.m2\repository\commons-collections\commons-collections\3.2.2\commons-collections-3.2.2.jar;C:\Users\SaraKheribi\.m2\repository\org\apache\commons\commons-collections4\4.4\commons-collections4-4.4.jar;C:\Users\SaraKheribi\.m2\repository\org\controlsfx\controlsfx\11.1.2\controlsfx-11.1.2.jar;C:\Users\SaraKheribi\.m2\repository\org\openjfx\javafx-controls\19\javafx-controls-19.jar;C:\Users\SaraKheribi\.m2\repository\org\openjfx\javafx-controls\19\javafx-controls-19-win.jar;C:\Users\SaraKheribi\.m2\repository\org\openjfx\javafx-graphics\19\javafx-graphics-19.jar;C:\Users\SaraKheribi\.m2\repository\org\openjfx\javafx-graphics\19\javafx-graphics-19-win.jar;C:\Users\SaraKheribi\.m2\repository\org\openjfx\javafx-base\19\javafx-base-19.jar;C:\Users\SaraKheribi\.m2\repository\org\openjfx\javafx-base\19\javafx-base-19-win.jar;C:\Users\SaraKheribi\.m2\repository\org\openjfx\javafx-fxml\19\javafx-fxml-19.jar;C:\Users\SaraKheribi\.m2\repository\org\openjfx\javafx-fxml\19\javafx-fxml-19-win.jar;"/>
    <property name="sun.cpu.endian" value="little"/>
    <property name="user.home" value="C:\Users\SaraKheribi"/>
    <property name="user.language" value="de"/>
    <property name="java.specification.vendor" value="Oracle Corporation"/>
    <property name="java.version.date" value="2023-10-17"/>
    <property name="java.home" value="C:\Users\SaraKheribi\.jdks\openjdk-21.0.1"/>
    <property name="file.separator" value="\"/>
    <property name="basedir" value="C:\Users\SaraKheribi\IdeaProjects\teaching-2023.ws.prse.braeuer.team3\Fahrtenbuch"/>
    <property name="java.vm.compressedOopsMode" value="Zero based"/>
    <property name="line.separator" value="&#10;"/>
    <property name="java.vm.specification.vendor" value="Oracle Corporation"/>
    <property name="java.specification.name" value="Java Platform API Specification"/>
    <property name="surefire.real.class.path" value="C:\Users\SaraKheribi\AppData\Local\Temp\surefire8598111352474261538\surefirebooter6623098345502918592.jar"/>
    <property name="user.script" value=""/>
    <property name="sun.management.compiler" value="HotSpot 64-Bit Tiered Compilers"/>
    <property name="java.runtime.version" value="21.0.1+12-29"/>
    <property name="user.name" value="SaraKheribi"/>
    <property name="stdout.encoding" value="Cp1252"/>
    <property name="path.separator" value=";"/>
    <property name="os.version" value="10.0"/>
    <property name="java.runtime.name" value="OpenJDK Runtime Environment"/>
    <property name="file.encoding" value="UTF-8"/>
    <property name="java.vm.name" value="OpenJDK 64-Bit Server VM"/>
    <property name="localRepository" value="C:\Users\SaraKheribi\.m2\repository"/>
    <property name="java.vendor.url.bug" value="https://bugreport.java.com/bugreport/"/>
    <property name="java.io.tmpdir" value="C:\Users\SARAKH~1\AppData\Local\Temp\"/>
    <property name="idea.version" value="2023.2.5"/>
    <property name="java.version" value="21.0.1"/>
    <property name="user.dir" value="C:\Users\SaraKheribi\IdeaProjects\teaching-2023.ws.prse.braeuer.team3\Fahrtenbuch"/>
    <property name="os.arch" value="amd64"/>
    <property name="java.vm.specification.name" value="Java Virtual Machine Specification"/>
    <property name="sun.os.patch.level" value=""/>
    <property name="native.encoding" value="Cp1252"/>
    <property name="java.library.path" value="C:\Users\SaraKheribi\.jdks\openjdk-21.0.1\bin;C:\Windows\Sun\Java\bin;C:\Windows\system32;C:\Windows;C:\Windows\system32;C:\Windows;C:\Windows\System32\Wbem;C:\Windows\System32\WindowsPowerShell\v1.0\;C:\Windows\System32\OpenSSH\;C:\Program Files\Git\cmd;C:\Users\SaraKheribi\AppData\Local\Microsoft\WindowsApps;;."/>
    <property name="java.vm.info" value="mixed mode, sharing"/>
    <property name="stderr.encoding" value="Cp1252"/>
    <property name="java.vendor" value="Oracle Corporation"/>
    <property name="java.vm.version" value="21.0.1+12-29"/>
    <property name="sun.io.unicode.encoding" value="UnicodeLittle"/>
    <property name="java.class.version" value="65.0"/>
  </properties>
  <testcase name="testApp" classname="at.jku.se.prse.team3.AppTest" time="0.002"/>
</testsuite>