<?xml version="1.0" encoding="UTF-8"?>
<testsuite xmlns:xsi="http://www.w3.org/2001/XMLSchema-instance" xsi:noNamespaceSchemaLocation="https://maven.apache.org/surefire/maven-surefire-plugin/xsd/surefire-test-report-3.0.xsd" version="3.0" name="TestSuite" time="10.894" tests="24" errors="0" skipped="0" failures="0">
  <properties>
    <property name="sun.desktop" value="windows"/>
    <property name="awt.toolkit" value="sun.awt.windows.WToolkit"/>
    <property name="java.specification.version" value="11"/>
    <property name="javafx.runtime.version" value="19+11"/>
    <property name="sun.cpu.isalist" value="amd64"/>
    <property name="sun.jnu.encoding" value="Cp1252"/>
    <property name="java.class.path" value="C:\Users\Marku\OneDrive\Desktop\WS2023\SoftEngi\team 3\Fahrtenbuch\target\test-classes;C:\Users\Marku\OneDrive\Desktop\WS2023\SoftEngi\team 3\Fahrtenbuch\target\classes;C:\Users\Marku\.m2\repository\org\jfree\jfreechart\1.5.3\jfreechart-1.5.3.jar;C:\Users\Marku\.m2\repository\com\opencsv\opencsv\5.6\opencsv-5.6.jar;C:\Users\Marku\.m2\repository\org\apache\commons\commons-lang3\3.12.0\commons-lang3-3.12.0.jar;C:\Users\Marku\.m2\repository\org\apache\commons\commons-text\1.9\commons-text-1.9.jar;C:\Users\Marku\.m2\repository\commons-beanutils\commons-beanutils\1.9.4\commons-beanutils-1.9.4.jar;C:\Users\Marku\.m2\repository\commons-logging\commons-logging\1.2\commons-logging-1.2.jar;C:\Users\Marku\.m2\repository\commons-collections\commons-collections\3.2.2\commons-collections-3.2.2.jar;C:\Users\Marku\.m2\repository\org\apache\commons\commons-collections4\4.4\commons-collections4-4.4.jar;C:\Users\Marku\.m2\repository\org\testfx\testfx-core\4.0.17\testfx-core-4.0.17.jar;C:\Users\Marku\.m2\repository\org\hamcrest\hamcrest\2.1\hamcrest-2.1.jar;C:\Users\Marku\.m2\repository\org\assertj\assertj-core\3.13.2\assertj-core-3.13.2.jar;C:\Users\Marku\.m2\repository\org\osgi\org.osgi.core\6.0.0\org.osgi.core-6.0.0.jar;C:\Users\Marku\.m2\repository\org\testfx\testfx-junit\4.0.17\testfx-junit-4.0.17.jar;C:\Users\Marku\.m2\repository\org\hamcrest\hamcrest-core\2.1\hamcrest-core-2.1.jar;C:\Users\Marku\.m2\repository\org\controlsfx\controlsfx\11.1.2\controlsfx-11.1.2.jar;C:\Users\Marku\.m2\repository\org\openjfx\javafx-controls\19\javafx-controls-19.jar;C:\Users\Marku\.m2\repository\org\openjfx\javafx-controls\19\javafx-controls-19-win.jar;C:\Users\Marku\.m2\repository\org\openjfx\javafx-graphics\19\javafx-graphics-19.jar;C:\Users\Marku\.m2\repository\org\openjfx\javafx-graphics\19\javafx-graphics-19-win.jar;C:\Users\Marku\.m2\repository\org\openjfx\javafx-base\19\javafx-base-19.jar;C:\Users\Marku\.m2\repository\org\openjfx\javafx-base\19\javafx-base-19-win.jar;C:\Users\Marku\.m2\repository\org\openjfx\javafx-fxml\19\javafx-fxml-19.jar;C:\Users\Marku\.m2\repository\org\openjfx\javafx-fxml\19\javafx-fxml-19-win.jar;C:\Users\Marku\.m2\repository\junit\junit\4.12\junit-4.12.jar;C:\Users\Marku\.m2\repository\org\testng\testng\7.8.0\testng-7.8.0.jar;C:\Users\Marku\.m2\repository\org\slf4j\slf4j-api\1.7.36\slf4j-api-1.7.36.jar;C:\Users\Marku\.m2\repository\com\beust\jcommander\1.82\jcommander-1.82.jar;C:\Users\Marku\.m2\repository\org\webjars\jquery\3.6.1\jquery-3.6.1.jar;"/>
    <property name="java.vm.vendor" value="AdoptOpenJDK"/>
    <property name="sun.arch.data.model" value="64"/>
    <property name="user.variant" value=""/>
    <property name="java.vendor.url" value="https://adoptopenjdk.net/"/>
    <property name="user.timezone" value="Europe/Berlin"/>
    <property name="javafx.version" value="19"/>
    <property name="java.vm.specification.version" value="11"/>
    <property name="os.name" value="Windows 10"/>
    <property name="sun.java.launcher" value="SUN_STANDARD"/>
    <property name="user.country" value="AT"/>
    <property name="sun.boot.library.path" value="C:\Program Files\AdoptOpenJDK\jdk-11.0.7.10-hotspot\bin"/>
    <property name="sun.java.command" value="C:\Users\Marku\AppData\Local\Temp\surefire15922163709657254004\surefirebooter17404310583256024617.jar C:\Users\Marku\AppData\Local\Temp\surefire15922163709657254004 2023-12-10T22-19-35_077-jvmRun1 surefire17672026652520066831tmp surefire_07612646744793115469tmp"/>
    <property name="jdk.debug" value="release"/>
    <property name="surefire.test.class.path" value="C:\Users\Marku\OneDrive\Desktop\WS2023\SoftEngi\team 3\Fahrtenbuch\target\test-classes;C:\Users\Marku\OneDrive\Desktop\WS2023\SoftEngi\team 3\Fahrtenbuch\target\classes;C:\Users\Marku\.m2\repository\org\jfree\jfreechart\1.5.3\jfreechart-1.5.3.jar;C:\Users\Marku\.m2\repository\com\opencsv\opencsv\5.6\opencsv-5.6.jar;C:\Users\Marku\.m2\repository\org\apache\commons\commons-lang3\3.12.0\commons-lang3-3.12.0.jar;C:\Users\Marku\.m2\repository\org\apache\commons\commons-text\1.9\commons-text-1.9.jar;C:\Users\Marku\.m2\repository\commons-beanutils\commons-beanutils\1.9.4\commons-beanutils-1.9.4.jar;C:\Users\Marku\.m2\repository\commons-logging\commons-logging\1.2\commons-logging-1.2.jar;C:\Users\Marku\.m2\repository\commons-collections\commons-collections\3.2.2\commons-collections-3.2.2.jar;C:\Users\Marku\.m2\repository\org\apache\commons\commons-collections4\4.4\commons-collections4-4.4.jar;C:\Users\Marku\.m2\repository\org\testfx\testfx-core\4.0.17\testfx-core-4.0.17.jar;C:\Users\Marku\.m2\repository\org\hamcrest\hamcrest\2.1\hamcrest-2.1.jar;C:\Users\Marku\.m2\repository\org\assertj\assertj-core\3.13.2\assertj-core-3.13.2.jar;C:\Users\Marku\.m2\repository\org\osgi\org.osgi.core\6.0.0\org.osgi.core-6.0.0.jar;C:\Users\Marku\.m2\repository\org\testfx\testfx-junit\4.0.17\testfx-junit-4.0.17.jar;C:\Users\Marku\.m2\repository\org\hamcrest\hamcrest-core\2.1\hamcrest-core-2.1.jar;C:\Users\Marku\.m2\repository\org\controlsfx\controlsfx\11.1.2\controlsfx-11.1.2.jar;C:\Users\Marku\.m2\repository\org\openjfx\javafx-controls\19\javafx-controls-19.jar;C:\Users\Marku\.m2\repository\org\openjfx\javafx-controls\19\javafx-controls-19-win.jar;C:\Users\Marku\.m2\repository\org\openjfx\javafx-graphics\19\javafx-graphics-19.jar;C:\Users\Marku\.m2\repository\org\openjfx\javafx-graphics\19\javafx-graphics-19-win.jar;C:\Users\Marku\.m2\repository\org\openjfx\javafx-base\19\javafx-base-19.jar;C:\Users\Marku\.m2\repository\org\openjfx\javafx-base\19\javafx-base-19-win.jar;C:\Users\Marku\.m2\repository\org\openjfx\javafx-fxml\19\javafx-fxml-19.jar;C:\Users\Marku\.m2\repository\org\openjfx\javafx-fxml\19\javafx-fxml-19-win.jar;C:\Users\Marku\.m2\repository\junit\junit\4.12\junit-4.12.jar;C:\Users\Marku\.m2\repository\org\testng\testng\7.8.0\testng-7.8.0.jar;C:\Users\Marku\.m2\repository\org\slf4j\slf4j-api\1.7.36\slf4j-api-1.7.36.jar;C:\Users\Marku\.m2\repository\com\beust\jcommander\1.82\jcommander-1.82.jar;C:\Users\Marku\.m2\repository\org\webjars\jquery\3.6.1\jquery-3.6.1.jar;"/>
    <property name="sun.cpu.endian" value="little"/>
    <property name="user.home" value="C:\Users\Marku"/>
    <property name="user.language" value="de"/>
    <property name="java.specification.vendor" value="Oracle Corporation"/>
    <property name="java.version.date" value="2020-04-14"/>
    <property name="java.home" value="C:\Program Files\AdoptOpenJDK\jdk-11.0.7.10-hotspot"/>
    <property name="file.separator" value="\"/>
    <property name="basedir" value="C:\Users\Marku\OneDrive\Desktop\WS2023\SoftEngi\team 3\Fahrtenbuch"/>
    <property name="java.vm.compressedOopsMode" value="Zero based"/>
    <property name="line.separator" value="&#10;"/>
    <property name="java.specification.name" value="Java Platform API Specification"/>
    <property name="java.vm.specification.vendor" value="Oracle Corporation"/>
    <property name="java.awt.graphicsenv" value="sun.awt.Win32GraphicsEnvironment"/>
    <property name="surefire.real.class.path" value="C:\Users\Marku\AppData\Local\Temp\surefire15922163709657254004\surefirebooter17404310583256024617.jar"/>
    <property name="user.script" value=""/>
    <property name="sun.management.compiler" value="HotSpot 64-Bit Tiered Compilers"/>
    <property name="java.runtime.version" value="11.0.7+10"/>
    <property name="user.name" value="Marku"/>
    <property name="path.separator" value=";"/>
    <property name="os.version" value="10.0"/>
    <property name="java.runtime.name" value="OpenJDK Runtime Environment"/>
    <property name="file.encoding" value="Cp1252"/>
    <property name="java.vm.name" value="OpenJDK 64-Bit Server VM"/>
    <property name="java.vendor.version" value="AdoptOpenJDK"/>
    <property name="localRepository" value="C:\Users\Marku\.m2\repository"/>
    <property name="java.vendor.url.bug" value="https://github.com/AdoptOpenJDK/openjdk-support/issues"/>
    <property name="java.io.tmpdir" value="C:\Users\Marku\AppData\Local\Temp\"/>
    <property name="java.version" value="11.0.7"/>
    <property name="user.dir" value="C:\Users\Marku\OneDrive\Desktop\WS2023\SoftEngi\team 3\Fahrtenbuch"/>
    <property name="os.arch" value="amd64"/>
    <property name="java.vm.specification.name" value="Java Virtual Machine Specification"/>
    <property name="java.awt.printerjob" value="sun.awt.windows.WPrinterJob"/>
    <property name="sun.os.patch.level" value=""/>
    <property name="java.library.path" value="C:\Program Files\AdoptOpenJDK\jdk-11.0.7.10-hotspot\bin;C:\WINDOWS\Sun\Java\bin;C:\WINDOWS\system32;C:\WINDOWS;C:\Program Files\Eclipse Foundation\jdk-17.0.0.35-hotspot\bin;C:\Program Files\AdoptOpenJDK\jdk-11.0.7.10-hotspot\bin;C:\Program Files (x86)\Common Files\Oracle\Java\javapath;C:\windows\system32;C:\windows;C:\windows\System32\Wbem;C:\windows\System32\WindowsPowerShell\v1.0\;C:\windows\System32\OpenSSH\;C:\Program Files (x86)\Intel\Intel(R) Management Engine Components\DAL;C:\Program Files\Intel\Intel(R) Management Engine Components\DAL;C:\Program Files (x86)\NVIDIA Corporation\PhysX\Common;C:\Program Files\NVIDIA Corporation\NVIDIA NvDLISR;C:\Program Files\Java\jdk-13.0.1\bin;C:\Program Files\Java\jdk-13.0.2\bin;C:\Program Files\Java\jdk-11.0.7\bin;C:\camunda\apache-tomcat-9.0.24\bin;C:\WINDOWS\system32;C:\WINDOWS;C:\WINDOWS\System32\Wbem;C:\WINDOWS\System32\WindowsPowerShell\v1.0\;C:\WINDOWS\System32\OpenSSH\;C:\Program Files (x86)\dotnet\;C:\Program Files\Docker\Docker\resources\bin;C:\ProgramData\DockerDesktop\version-bin;C:\Program Files\Git\cmd;C:\Program Files\nodejs\;C:\Program Files\apache-maven-3.9.6-bin\apache-maven-3.9.6\bin;C:\Users\Marku\AppData\Local\Microsoft\WindowsApps;C:\Program Files\Java\jdk-13.0.2\bin;C:\Users\Marku\AppData\Local\GitHubDesktop\bin;C:\Users\Marku\AppData\Roaming\npm;."/>
    <property name="java.vendor" value="AdoptOpenJDK"/>
    <property name="java.vm.info" value="mixed mode"/>
    <property name="java.vm.version" value="11.0.7+10"/>
    <property name="sun.io.unicode.encoding" value="UnicodeLittle"/>
    <property name="java.class.version" value="55.0"/>
  </properties>
  <testcase name="testApp on testApp(at.jku.se.prse.team3.AppTest)" classname="at.jku.se.prse.team3.AppTest" time="0.002"/>
  <testcase name="testExportImportFahrt on testExportImportFahrt(at.jku.se.prse.team3.FahrtenbuchTest)" classname="at.jku.se.prse.team3.FahrtenbuchTest" time="0.136"/>
  <testcase name="testNeueFahrt on testNeueFahrt(at.jku.se.prse.team3.FahrtenbuchTest)" classname="at.jku.se.prse.team3.FahrtenbuchTest" time="0.001"/>
  <testcase name="testBearbeiteFahrt on testBearbeiteFahrt(at.jku.se.prse.team3.FahrtenbuchTest)" classname="at.jku.se.prse.team3.FahrtenbuchTest" time="0.003"/>
  <testcase name="testLoescheFahrten on testLoescheFahrten(at.jku.se.prse.team3.FahrtenbuchTest)" classname="at.jku.se.prse.team3.FahrtenbuchTest" time="0.002"/>
  <testcase name="testZeigeKilometerDiagramm on testZeigeKilometerDiagramm(at.jku.se.prse.team3.FahrtenbuchUITest)" classname="at.jku.se.prse.team3.FahrtenbuchUITest" time="3.399"/>
  <testcase name="testDeleteButton on testDeleteButton(at.jku.se.prse.team3.FahrtenbuchUITest)" classname="at.jku.se.prse.team3.FahrtenbuchUITest" time="1.209"/>
  <testcase name="testZeigeErweiterteKilometerStatistik on testZeigeErweiterteKilometerStatistik(at.jku.se.prse.team3.FahrtenbuchUITest)" classname="at.jku.se.prse.team3.FahrtenbuchUITest" time="0.885"/>
  <testcase name="testSettingsButton on testSettingsButton(at.jku.se.prse.team3.FahrtenbuchUITest)" classname="at.jku.se.prse.team3.FahrtenbuchUITest" time="1.246"/>
  <testcase name="testZeigeJahresKilometerDiagramm on testZeigeJahresKilometerDiagramm(at.jku.se.prse.team3.FahrtenbuchUITest)" classname="at.jku.se.prse.team3.FahrtenbuchUITest" time="0.644"/>
  <testcase name="testEditButton on testEditButton(at.jku.se.prse.team3.FahrtenbuchUITest)" classname="at.jku.se.prse.team3.FahrtenbuchUITest" time="1.03"/>
  <testcase name="testBerechneKilometerProMonatUndKategorie on testBerechneKilometerProMonatUndKategorie(at.jku.se.prse.team3.FahrtenbuchUITest)" classname="at.jku.se.prse.team3.FahrtenbuchUITest" time="0.433"/>
  <testcase name="testZeigeJahresKilometerStatistik on testZeigeJahresKilometerStatistik(at.jku.se.prse.team3.FahrtenbuchUITest)" classname="at.jku.se.prse.team3.FahrtenbuchUITest" time="0.694"/>
  <testcase name="testFahrtStatusWertOf on testFahrtStatusWertOf(at.jku.se.prse.team3.FahrtStatusTest)" classname="at.jku.se.prse.team3.FahrtStatusTest" time="0"/>
  <testcase name="testFahrtStatusWerte on testFahrtStatusWerte(at.jku.se.prse.team3.FahrtStatusTest)" classname="at.jku.se.prse.team3.FahrtStatusTest" time="0"/>
  <testcase name="testAnkunftszeit on testAnkunftszeit(at.jku.se.prse.team3.FahrtTest)" classname="at.jku.se.prse.team3.FahrtTest" time="0"/>
  <testcase name="testDatum on testDatum(at.jku.se.prse.team3.FahrtTest)" classname="at.jku.se.prse.team3.FahrtTest" time="0"/>
  <testcase name="testKategorien on testKategorien(at.jku.se.prse.team3.FahrtTest)" classname="at.jku.se.prse.team3.FahrtTest" time="0"/>
  <testcase name="testAktiveFahrzeit on testAktiveFahrzeit(at.jku.se.prse.team3.FahrtTest)" classname="at.jku.se.prse.team3.FahrtTest" time="0"/>
  <testcase name="testGefahreneKilometer on testGefahreneKilometer(at.jku.se.prse.team3.FahrtTest)" classname="at.jku.se.prse.team3.FahrtTest" time="0"/>
  <testcase name="testFahrtstatus on testFahrtstatus(at.jku.se.prse.team3.FahrtTest)" classname="at.jku.se.prse.team3.FahrtTest" time="0"/>
  <testcase name="testKfzKennzeichen on testKfzKennzeichen(at.jku.se.prse.team3.FahrtTest)" classname="at.jku.se.prse.team3.FahrtTest" time="0.001"/>
  <testcase name="testAddKategorie on testAddKategorie(at.jku.se.prse.team3.FahrtTest)" classname="at.jku.se.prse.team3.FahrtTest" time="0.007"/>
  <testcase name="testAbfahrtszeit on testAbfahrtszeit(at.jku.se.prse.team3.FahrtTest)" classname="at.jku.se.prse.team3.FahrtTest" time="0"/>
</testsuite>